# JRE version: OpenJDK Runtime Environment Temurin-21.0.6+7 (21.0.6+7) (build 21.0.6+7-LTS)
# Java VM: OpenJDK 64-Bit Server VM Temurin-21.0.6+7 (21.0.6+7-LTS, mixed mode, sharing, tiered, compressed oops, compressed class ptrs, parallel gc, windows-amd64)
GC Precious Log:
 CardTable entry size: 512
 CPUs: 16 total, 16 available
 Memory: 16068M
 Large Page Support: Disabled
 NUMA Support: Disabled
 Compressed Oops: Enabled (32-bit)
 Alignments: Space 512K, Generation 512K, Heap 2M
 Heap Min Capacity: 100M
 Heap Initial Capacity: 100M
 Heap Max Capacity: 2G
 Pre-touch: Disabled
 Parallel Workers: 13
Heap:
 PSYoungGen      total 17408K, used 16299K [0x00000000d5580000, 0x00000000d6800000, 0x0000000100000000)
  eden space 15872K, 95% used [0x00000000d5580000,0x00000000d6456b50,0x00000000d6500000)
  from space 1536K, 71% used [0x00000000d6680000,0x00000000d67942d8,0x00000000d6800000)
  to   space 1536K, 0% used [0x00000000d6500000,0x00000000d6500000,0x00000000d6680000)
 ParOldGen       total 107008K, used 106942K [0x0000000080000000, 0x0000000086880000, 0x00000000d5580000)
  object space 107008K, 99% used [0x0000000080000000,0x000000008686f980,0x0000000086880000)
 Metaspace       used 55219K, committed 56704K, reserved 1114112K
  class space    used 5627K, committed 6272K, reserved 1048576K
GC Heap History (20 events):
Event: 8.862 GC heap before
{Heap before GC invocations=97 (full 2):
 PSYoungGen      total 17408K, used 17383K [0x00000000d5580000, 0x00000000d6900000, 0x0000000100000000)
  eden space 16384K, 100% used [0x00000000d5580000,0x00000000d6580000,0x00000000d6580000)
  from space 1024K, 97% used [0x00000000d6700000,0x00000000d67f9da8,0x00000000d6800000)
  to   space 1536K, 0% used [0x00000000d6580000,0x00000000d6580000,0x00000000d6700000)
 ParOldGen       total 100864K, used 100664K [0x0000000080000000, 0x0000000086280000, 0x00000000d5580000)
  object space 100864K, 99% used [0x0000000080000000,0x000000008624e030,0x0000000086280000)
 Metaspace       used 54630K, committed 56064K, reserved 1114112K
  class space    used 5592K, committed 6208K, reserved 1048576K
}
Event: 8.863 GC heap after
{Heap after GC invocations=97 (full 2):
 PSYoungGen      total 17920K, used 1466K [0x00000000d5580000, 0x00000000d6880000, 0x0000000100000000)
  eden space 16384K, 0% used [0x00000000d5580000,0x00000000d5580000,0x00000000d6580000)
  from space 1536K, 95% used [0x00000000d6580000,0x00000000d66ee958,0x00000000d6700000)
  to   space 1536K, 0% used [0x00000000d6700000,0x00000000d6700000,0x00000000d6880000)
 ParOldGen       total 100864K, used 100768K [0x0000000080000000, 0x0000000086280000, 0x00000000d5580000)
  object space 100864K, 99% used [0x0000000080000000,0x0000000086268030,0x0000000086280000)
 Metaspace       used 54630K, committed 56064K, reserved 1114112K
  class space    used 5592K, committed 6208K, reserved 1048576K
}
Event: 8.874 GC heap before
{Heap before GC invocations=98 (full 2):
 PSYoungGen      total 17920K, used 17850K [0x00000000d5580000, 0x00000000d6880000, 0x0000000100000000)
  eden space 16384K, 100% used [0x00000000d5580000,0x00000000d6580000,0x00000000d6580000)
  from space 1536K, 95% used [0x00000000d6580000,0x00000000d66ee958,0x00000000d6700000)
  to   space 1536K, 0% used [0x00000000d6700000,0x00000000d6700000,0x00000000d6880000)
 ParOldGen       total 100864K, used 100768K [0x0000000080000000, 0x0000000086280000, 0x00000000d5580000)
  object space 100864K, 99% used [0x0000000080000000,0x0000000086268030,0x0000000086280000)
 Metaspace       used 54630K, committed 56064K, reserved 1114112K
  class space    used 5592K, committed 6208K, reserved 1048576K
}
Event: 8.875 GC heap after
{Heap after GC invocations=98 (full 2):
 PSYoungGen      total 17920K, used 1359K [0x00000000d5580000, 0x00000000d6880000, 0x0000000100000000)
  eden space 16384K, 0% used [0x00000000d5580000,0x00000000d5580000,0x00000000d6580000)
  from space 1536K, 88% used [0x00000000d6700000,0x00000000d6853d70,0x00000000d6880000)
  to   space 1536K, 0% used [0x00000000d6580000,0x00000000d6580000,0x00000000d6700000)
 ParOldGen       total 102400K, used 101914K [0x0000000080000000, 0x0000000086400000, 0x00000000d5580000)
  object space 102400K, 99% used [0x0000000080000000,0x0000000086386950,0x0000000086400000)
 Metaspace       used 54630K, committed 56064K, reserved 1114112K
  class space    used 5592K, committed 6208K, reserved 1048576K
}
Event: 8.883 GC heap before
{Heap before GC invocations=99 (full 2):
 PSYoungGen      total 17920K, used 17743K [0x00000000d5580000, 0x00000000d6880000, 0x0000000100000000)
  eden space 16384K, 100% used [0x00000000d5580000,0x00000000d6580000,0x00000000d6580000)
  from space 1536K, 88% used [0x00000000d6700000,0x00000000d6853d70,0x00000000d6880000)
  to   space 1536K, 0% used [0x00000000d6580000,0x00000000d6580000,0x00000000d6700000)
 ParOldGen       total 102400K, used 101914K [0x0000000080000000, 0x0000000086400000, 0x00000000d5580000)
  object space 102400K, 99% used [0x0000000080000000,0x0000000086386950,0x0000000086400000)
 Metaspace       used 54630K, committed 56064K, reserved 1114112K
  class space    used 5592K, committed 6208K, reserved 1048576K
}
Event: 8.884 GC heap after
{Heap after GC invocations=99 (full 2):
 PSYoungGen      total 17920K, used 1519K [0x00000000d5580000, 0x00000000d6980000, 0x0000000100000000)
  eden space 16384K, 0% used [0x00000000d5580000,0x00000000d5580000,0x00000000d6580000)
  from space 1536K, 98% used [0x00000000d6580000,0x00000000d66fbd70,0x00000000d6700000)
  to   space 2048K, 0% used [0x00000000d6780000,0x00000000d6780000,0x00000000d6980000)
 ParOldGen       total 102400K, used 102194K [0x0000000080000000, 0x0000000086400000, 0x00000000d5580000)
  object space 102400K, 99% used [0x0000000080000000,0x00000000863cc950,0x0000000086400000)
 Metaspace       used 54630K, committed 56064K, reserved 1114112K
  class space    used 5592K, committed 6208K, reserved 1048576K
}
Event: 8.894 GC heap before
{Heap before GC invocations=100 (full 2):
 PSYoungGen      total 17920K, used 17903K [0x00000000d5580000, 0x00000000d6980000, 0x0000000100000000)
  eden space 16384K, 100% used [0x00000000d5580000,0x00000000d6580000,0x00000000d6580000)
  from space 1536K, 98% used [0x00000000d6580000,0x00000000d66fbd70,0x00000000d6700000)
  to   space 2048K, 0% used [0x00000000d6780000,0x00000000d6780000,0x00000000d6980000)
 ParOldGen       total 102400K, used 102194K [0x0000000080000000, 0x0000000086400000, 0x00000000d5580000)
  object space 102400K, 99% used [0x0000000080000000,0x00000000863cc950,0x0000000086400000)
 Metaspace       used 54630K, committed 56064K, reserved 1114112K
  class space    used 5592K, committed 6208K, reserved 1048576K
}
Event: 8.895 GC heap after
{Heap after GC invocations=100 (full 2):
 PSYoungGen      total 17408K, used 894K [0x00000000d5580000, 0x00000000d6880000, 0x0000000100000000)
  eden space 16384K, 0% used [0x00000000d5580000,0x00000000d5580000,0x00000000d6580000)
  from space 1024K, 87% used [0x00000000d6780000,0x00000000d685fac8,0x00000000d6880000)
  to   space 1536K, 0% used [0x00000000d6580000,0x00000000d6580000,0x00000000d6700000)
 ParOldGen       total 103936K, used 103661K [0x0000000080000000, 0x0000000086580000, 0x00000000d5580000)
  object space 103936K, 99% used [0x0000000080000000,0x000000008653b638,0x0000000086580000)
 Metaspace       used 54630K, committed 56064K, reserved 1114112K
  class space    used 5592K, committed 6208K, reserved 1048576K
}
Event: 8.937 GC heap before
{Heap before GC invocations=101 (full 2):
 PSYoungGen      total 17408K, used 17278K [0x00000000d5580000, 0x00000000d6880000, 0x0000000100000000)
  eden space 16384K, 100% used [0x00000000d5580000,0x00000000d6580000,0x00000000d6580000)
  from space 1024K, 87% used [0x00000000d6780000,0x00000000d685fac8,0x00000000d6880000)
  to   space 1536K, 0% used [0x00000000d6580000,0x00000000d6580000,0x00000000d6700000)
 ParOldGen       total 103936K, used 103661K [0x0000000080000000, 0x0000000086580000, 0x00000000d5580000)
  object space 103936K, 99% used [0x0000000080000000,0x000000008653b638,0x0000000086580000)
 Metaspace       used 54791K, committed 56192K, reserved 1114112K
  class space    used 5603K, committed 6208K, reserved 1048576K
}
Event: 8.938 GC heap after
{Heap after GC invocations=101 (full 2):
 PSYoungGen      total 17920K, used 669K [0x00000000d5580000, 0x00000000d6800000, 0x0000000100000000)
  eden space 16384K, 0% used [0x00000000d5580000,0x00000000d5580000,0x00000000d6580000)
  from space 1536K, 43% used [0x00000000d6580000,0x00000000d6627728,0x00000000d6700000)
  to   space 1024K, 0% used [0x00000000d6700000,0x00000000d6700000,0x00000000d6800000)
 ParOldGen       total 104448K, used 104322K [0x0000000080000000, 0x0000000086600000, 0x00000000d5580000)
  object space 104448K, 99% used [0x0000000080000000,0x00000000865e09a0,0x0000000086600000)
 Metaspace       used 54791K, committed 56192K, reserved 1114112K
  class space    used 5603K, committed 6208K, reserved 1048576K
}
Event: 8.975 GC heap before
{Heap before GC invocations=102 (full 2):
 PSYoungGen      total 17920K, used 17053K [0x00000000d5580000, 0x00000000d6800000, 0x0000000100000000)
  eden space 16384K, 100% used [0x00000000d5580000,0x00000000d6580000,0x00000000d6580000)
  from space 1536K, 43% used [0x00000000d6580000,0x00000000d6627728,0x00000000d6700000)
  to   space 1024K, 0% used [0x00000000d6700000,0x00000000d6700000,0x00000000d6800000)
 ParOldGen       total 104448K, used 104322K [0x0000000080000000, 0x0000000086600000, 0x00000000d5580000)
  object space 104448K, 99% used [0x0000000080000000,0x00000000865e09a0,0x0000000086600000)
 Metaspace       used 55069K, committed 56448K, reserved 1114112K
  class space    used 5623K, committed 6208K, reserved 1048576K
}
Event: 8.976 GC heap after
{Heap after GC invocations=102 (full 2):
 PSYoungGen      total 16896K, used 512K [0x00000000d5580000, 0x00000000d6780000, 0x0000000100000000)
  eden space 16384K, 0% used [0x00000000d5580000,0x00000000d5580000,0x00000000d6580000)
  from space 512K, 100% used [0x00000000d6700000,0x00000000d6780000,0x00000000d6780000)
  to   space 1024K, 0% used [0x00000000d6580000,0x00000000d6580000,0x00000000d6680000)
 ParOldGen       total 104960K, used 104770K [0x0000000080000000, 0x0000000086680000, 0x00000000d5580000)
  object space 104960K, 99% used [0x0000000080000000,0x00000000866509a0,0x0000000086680000)
 Metaspace       used 55069K, committed 56448K, reserved 1114112K
  class space    used 5623K, committed 6208K, reserved 1048576K
}
Event: 9.006 GC heap before
{Heap before GC invocations=103 (full 2):
 PSYoungGen      total 16896K, used 16896K [0x00000000d5580000, 0x00000000d6780000, 0x0000000100000000)
  eden space 16384K, 100% used [0x00000000d5580000,0x00000000d6580000,0x00000000d6580000)
  from space 512K, 100% used [0x00000000d6700000,0x00000000d6780000,0x00000000d6780000)
  to   space 1024K, 0% used [0x00000000d6580000,0x00000000d6580000,0x00000000d6680000)
 ParOldGen       total 104960K, used 104770K [0x0000000080000000, 0x0000000086680000, 0x00000000d5580000)
  object space 104960K, 99% used [0x0000000080000000,0x00000000866509a0,0x0000000086680000)
 Metaspace       used 55107K, committed 56576K, reserved 1114112K
  class space    used 5624K, committed 6208K, reserved 1048576K
}
Event: 9.007 GC heap after
{Heap after GC invocations=103 (full 2):
 PSYoungGen      total 17408K, used 480K [0x00000000d5580000, 0x00000000d6780000, 0x0000000100000000)
  eden space 16384K, 0% used [0x00000000d5580000,0x00000000d5580000,0x00000000d6580000)
  from space 1024K, 46% used [0x00000000d6580000,0x00000000d65f8000,0x00000000d6680000)
  to   space 512K, 0% used [0x00000000d6700000,0x00000000d6700000,0x00000000d6780000)
 ParOldGen       total 105472K, used 105050K [0x0000000080000000, 0x0000000086700000, 0x00000000d5580000)
  object space 105472K, 99% used [0x0000000080000000,0x0000000086696970,0x0000000086700000)
 Metaspace       used 55107K, committed 56576K, reserved 1114112K
  class space    used 5624K, committed 6208K, reserved 1048576K
}
Event: 9.045 GC heap before
{Heap before GC invocations=104 (full 2):
 PSYoungGen      total 17408K, used 16864K [0x00000000d5580000, 0x00000000d6780000, 0x0000000100000000)
  eden space 16384K, 100% used [0x00000000d5580000,0x00000000d6580000,0x00000000d6580000)
  from space 1024K, 46% used [0x00000000d6580000,0x00000000d65f8000,0x00000000d6680000)
  to   space 512K, 0% used [0x00000000d6700000,0x00000000d6700000,0x00000000d6780000)
 ParOldGen       total 105472K, used 105050K [0x0000000080000000, 0x0000000086700000, 0x00000000d5580000)
  object space 105472K, 99% used [0x0000000080000000,0x0000000086696970,0x0000000086700000)
 Metaspace       used 55130K, committed 56640K, reserved 1114112K
  class space    used 5627K, committed 6272K, reserved 1048576K
}
Event: 9.046 GC heap after
{Heap after GC invocations=104 (full 2):
 PSYoungGen      total 16384K, used 486K [0x00000000d5580000, 0x00000000d6980000, 0x0000000100000000)
  eden space 15872K, 0% used [0x00000000d5580000,0x00000000d5580000,0x00000000d6500000)
  from space 512K, 95% used [0x00000000d6700000,0x00000000d6779a68,0x00000000d6780000)
  to   space 2048K, 0% used [0x00000000d6500000,0x00000000d6500000,0x00000000d6700000)
 ParOldGen       total 106496K, used 106066K [0x0000000080000000, 0x0000000086800000, 0x00000000d5580000)
  object space 106496K, 99% used [0x0000000080000000,0x0000000086794970,0x0000000086800000)
 Metaspace       used 55130K, committed 56640K, reserved 1114112K
  class space    used 5627K, committed 6272K, reserved 1048576K
}
Event: 9.083 GC heap before
{Heap before GC invocations=105 (full 2):
 PSYoungGen      total 16384K, used 16358K [0x00000000d5580000, 0x00000000d6980000, 0x0000000100000000)
  eden space 15872K, 100% used [0x00000000d5580000,0x00000000d6500000,0x00000000d6500000)
  from space 512K, 95% used [0x00000000d6700000,0x00000000d6779a68,0x00000000d6780000)
  to   space 2048K, 0% used [0x00000000d6500000,0x00000000d6500000,0x00000000d6700000)
 ParOldGen       total 106496K, used 106066K [0x0000000080000000, 0x0000000086800000, 0x00000000d5580000)
  object space 106496K, 99% used [0x0000000080000000,0x0000000086794970,0x0000000086800000)
 Metaspace       used 55181K, committed 56704K, reserved 1114112K
  class space    used 5627K, committed 6272K, reserved 1048576K
}
Event: 9.085 GC heap after
{Heap after GC invocations=105 (full 2):
 PSYoungGen      total 16896K, used 883K [0x00000000d5580000, 0x00000000d6800000, 0x0000000100000000)
  eden space 15872K, 0% used [0x00000000d5580000,0x00000000d5580000,0x00000000d6500000)
  from space 1024K, 86% used [0x00000000d6500000,0x00000000d65dce88,0x00000000d6600000)
  to   space 1536K, 0% used [0x00000000d6680000,0x00000000d6680000,0x00000000d6800000)
 ParOldGen       total 107008K, used 106558K [0x0000000080000000, 0x0000000086880000, 0x00000000d5580000)
  object space 107008K, 99% used [0x0000000080000000,0x000000008680f980,0x0000000086880000)
 Metaspace       used 55181K, committed 56704K, reserved 1114112K
  class space    used 5627K, committed 6272K, reserved 1048576K
}
Event: 9.115 GC heap before
{Heap before GC invocations=106 (full 2):
 PSYoungGen      total 16896K, used 16755K [0x00000000d5580000, 0x00000000d6800000, 0x0000000100000000)
  eden space 15872K, 100% used [0x00000000d5580000,0x00000000d6500000,0x00000000d6500000)
  from space 1024K, 86% used [0x00000000d6500000,0x00000000d65dce88,0x00000000d6600000)
  to   space 1536K, 0% used [0x00000000d6680000,0x00000000d6680000,0x00000000d6800000)
 ParOldGen       total 107008K, used 106558K [0x0000000080000000, 0x0000000086880000, 0x00000000d5580000)
  object space 107008K, 99% used [0x0000000080000000,0x000000008680f980,0x0000000086880000)
 Metaspace       used 55204K, committed 56704K, reserved 1114112K
  class space    used 5627K, committed 6272K, reserved 1048576K
}
Event: 9.116 GC heap after
{Heap after GC invocations=106 (full 2):
 PSYoungGen      total 17408K, used 1104K [0x00000000d5580000, 0x00000000d6800000, 0x0000000100000000)
  eden space 15872K, 0% used [0x00000000d5580000,0x00000000d5580000,0x00000000d6500000)
  from space 1536K, 71% used [0x00000000d6680000,0x00000000d67942d8,0x00000000d6800000)
  to   space 1536K, 0% used [0x00000000d6500000,0x00000000d6500000,0x00000000d6680000)
 ParOldGen       total 107008K, used 106942K [0x0000000080000000, 0x0000000086880000, 0x00000000d5580000)
  object space 107008K, 99% used [0x0000000080000000,0x000000008686f980,0x0000000086880000)
 Metaspace       used 55204K, committed 56704K, reserved 1114112K
  class space    used 5627K, committed 6272K, reserved 1048576K
}

