# JRE version: OpenJDK Runtime Environment Temurin-21.0.6+7 (21.0.6+7) (build 21.0.6+7-LTS)
# Java VM: OpenJDK 64-Bit Server VM Temurin-21.0.6+7 (21.0.6+7-LTS, mixed mode, sharing, tiered, compressed oops, compressed class ptrs, g1 gc, windows-amd64)
GC Precious Log:
 CardTable entry size: 512
 Card Set container configuration: InlinePtr #cards 4 size 8 Array Of Cards #cards 16 size 48 Howl #buckets 8 coarsen threshold 3686 Howl Bitmap #cards 512 size 80 coarsen threshold 460 Card regions per heap region 1 cards per card region 4096
 CPUs: 16 total, 16 available
 Memory: 16068M
 Large Page Support: Disabled
 NUMA Support: Disabled
 Compressed Oops: Enabled (Zero based)
 Heap Region Size: 2M
 Heap Min Capacity: 8M
 Heap Initial Capacity: 252M
 Heap Max Capacity: 4018M
 Pre-touch: Disabled
 Parallel Workers: 13
 Concurrent Workers: 3
 Concurrent Refinement Workers: 13
 Periodic GC: Disabled
Heap:
 garbage-first heap   total 102400K, used 57309K [0x0000000704e00000, 0x0000000800000000)
  region size 2048K, 9 young (18432K), 3 survivors (6144K)
 Metaspace       used 83984K, committed 84736K, reserved 1179648K
  class space    used 11301K, committed 11648K, reserved 1048576K
GC Heap History (20 events):
Event: 1.220 GC heap before
{Heap before GC invocations=3 (full 0):
 garbage-first heap   total 258048K, used 45376K [0x0000000704e00000, 0x0000000800000000)
  region size 2048K, 17 young (34816K), 2 survivors (4096K)
 Metaspace       used 21194K, committed 21504K, reserved 1114112K
  class space    used 2578K, committed 2688K, reserved 1048576K
}
Event: 1.223 GC heap after
{Heap after GC invocations=4 (full 0):
 garbage-first heap   total 258048K, used 21275K [0x0000000704e00000, 0x0000000800000000)
  region size 2048K, 3 young (6144K), 3 survivors (6144K)
 Metaspace       used 21194K, committed 21504K, reserved 1114112K
  class space    used 2578K, committed 2688K, reserved 1048576K
}
Event: 1.849 GC heap before
{Heap before GC invocations=5 (full 0):
 garbage-first heap   total 75776K, used 74523K [0x0000000704e00000, 0x0000000800000000)
  region size 2048K, 29 young (59392K), 3 survivors (6144K)
 Metaspace       used 28437K, committed 28800K, reserved 1114112K
  class space    used 3620K, committed 3776K, reserved 1048576K
}
Event: 1.855 GC heap after
{Heap after GC invocations=6 (full 0):
 garbage-first heap   total 86016K, used 25559K [0x0000000704e00000, 0x0000000800000000)
  region size 2048K, 5 young (10240K), 5 survivors (10240K)
 Metaspace       used 28437K, committed 28800K, reserved 1114112K
  class space    used 3620K, committed 3776K, reserved 1048576K
}
Event: 2.450 GC heap before
{Heap before GC invocations=6 (full 0):
 garbage-first heap   total 86016K, used 64471K [0x0000000704e00000, 0x0000000800000000)
  region size 2048K, 24 young (49152K), 5 survivors (10240K)
 Metaspace       used 33530K, committed 33984K, reserved 1114112K
  class space    used 4332K, committed 4544K, reserved 1048576K
}
Event: 2.458 GC heap after
{Heap after GC invocations=7 (full 0):
 garbage-first heap   total 86016K, used 27515K [0x0000000704e00000, 0x0000000800000000)
  region size 2048K, 2 young (4096K), 2 survivors (4096K)
 Metaspace       used 33530K, committed 33984K, reserved 1114112K
  class space    used 4332K, committed 4544K, reserved 1048576K
}
Event: 2.784 GC heap before
{Heap before GC invocations=7 (full 0):
 garbage-first heap   total 86016K, used 39803K [0x0000000704e00000, 0x0000000800000000)
  region size 2048K, 9 young (18432K), 2 survivors (4096K)
 Metaspace       used 35641K, committed 36096K, reserved 1114112K
  class space    used 4614K, committed 4800K, reserved 1048576K
}
Event: 2.788 GC heap after
{Heap after GC invocations=8 (full 0):
 garbage-first heap   total 149504K, used 28500K [0x0000000704e00000, 0x0000000800000000)
  region size 2048K, 1 young (2048K), 1 survivors (2048K)
 Metaspace       used 35641K, committed 36096K, reserved 1114112K
  class space    used 4614K, committed 4800K, reserved 1048576K
}
Event: 3.652 GC heap before
{Heap before GC invocations=9 (full 0):
 garbage-first heap   total 102400K, used 87892K [0x0000000704e00000, 0x0000000800000000)
  region size 2048K, 30 young (61440K), 1 survivors (2048K)
 Metaspace       used 49921K, committed 50496K, reserved 1114112K
  class space    used 6580K, committed 6848K, reserved 1048576K
}
Event: 3.654 GC heap after
{Heap after GC invocations=10 (full 0):
 garbage-first heap   total 102400K, used 32678K [0x0000000704e00000, 0x0000000800000000)
  region size 2048K, 3 young (6144K), 3 survivors (6144K)
 Metaspace       used 49921K, committed 50496K, reserved 1114112K
  class space    used 6580K, committed 6848K, reserved 1048576K
}
Event: 4.016 GC heap before
{Heap before GC invocations=10 (full 0):
 garbage-first heap   total 102400K, used 65446K [0x0000000704e00000, 0x0000000800000000)
  region size 2048K, 20 young (40960K), 3 survivors (6144K)
 Metaspace       used 59696K, committed 60288K, reserved 1114112K
  class space    used 7995K, committed 8256K, reserved 1048576K
}
Event: 4.018 GC heap after
{Heap after GC invocations=11 (full 0):
 garbage-first heap   total 102400K, used 34078K [0x0000000704e00000, 0x0000000800000000)
  region size 2048K, 3 young (6144K), 3 survivors (6144K)
 Metaspace       used 59696K, committed 60288K, reserved 1114112K
  class space    used 7995K, committed 8256K, reserved 1048576K
}
Event: 4.030 GC heap before
{Heap before GC invocations=11 (full 0):
 garbage-first heap   total 102400K, used 34078K [0x0000000704e00000, 0x0000000800000000)
  region size 2048K, 4 young (8192K), 3 survivors (6144K)
 Metaspace       used 60007K, committed 60608K, reserved 1114112K
  class space    used 8052K, committed 8320K, reserved 1048576K
}
Event: 4.032 GC heap after
{Heap after GC invocations=12 (full 0):
 garbage-first heap   total 102400K, used 34264K [0x0000000704e00000, 0x0000000800000000)
  region size 2048K, 1 young (2048K), 1 survivors (2048K)
 Metaspace       used 60007K, committed 60608K, reserved 1114112K
  class space    used 8052K, committed 8320K, reserved 1048576K
}
Event: 4.836 GC heap before
{Heap before GC invocations=13 (full 0):
 garbage-first heap   total 102400K, used 85464K [0x0000000704e00000, 0x0000000800000000)
  region size 2048K, 27 young (55296K), 1 survivors (2048K)
 Metaspace       used 69201K, committed 69888K, reserved 1114112K
  class space    used 9346K, committed 9664K, reserved 1048576K
}
Event: 4.839 GC heap after
{Heap after GC invocations=14 (full 0):
 garbage-first heap   total 102400K, used 38025K [0x0000000704e00000, 0x0000000800000000)
  region size 2048K, 3 young (6144K), 3 survivors (6144K)
 Metaspace       used 69201K, committed 69888K, reserved 1114112K
  class space    used 9346K, committed 9664K, reserved 1048576K
}
Event: 5.306 GC heap before
{Heap before GC invocations=14 (full 0):
 garbage-first heap   total 102400K, used 87177K [0x0000000704e00000, 0x0000000800000000)
  region size 2048K, 27 young (55296K), 3 survivors (6144K)
 Metaspace       used 75735K, committed 76480K, reserved 1179648K
  class space    used 10189K, committed 10496K, reserved 1048576K
}
Event: 5.309 GC heap after
{Heap after GC invocations=15 (full 0):
 garbage-first heap   total 102400K, used 41305K [0x0000000704e00000, 0x0000000800000000)
  region size 2048K, 4 young (8192K), 4 survivors (8192K)
 Metaspace       used 75735K, committed 76480K, reserved 1179648K
  class space    used 10189K, committed 10496K, reserved 1048576K
}
Event: 5.858 GC heap before
{Heap before GC invocations=15 (full 0):
 garbage-first heap   total 102400K, used 86361K [0x0000000704e00000, 0x0000000800000000)
  region size 2048K, 26 young (53248K), 4 survivors (8192K)
 Metaspace       used 82438K, committed 83264K, reserved 1179648K
  class space    used 11150K, committed 11520K, reserved 1048576K
}
Event: 5.863 GC heap after
{Heap after GC invocations=16 (full 0):
 garbage-first heap   total 102400K, used 47069K [0x0000000704e00000, 0x0000000800000000)
  region size 2048K, 3 young (6144K), 3 survivors (6144K)
 Metaspace       used 82438K, committed 83264K, reserved 1179648K
  class space    used 11150K, committed 11520K, reserved 1048576K
}

