# JRE version: OpenJDK Runtime Environment Temurin-21.0.6+7 (21.0.6+7) (build 21.0.6+7-LTS)
# Java VM: OpenJDK 64-Bit Server VM Temurin-21.0.6+7 (21.0.6+7-LTS, mixed mode, sharing, tiered, compressed oops, compressed class ptrs, parallel gc, windows-amd64)
GC Precious Log:
 CardTable entry size: 512
 CPUs: 16 total, 16 available
 Memory: 16068M
 Large Page Support: Disabled
 NUMA Support: Disabled
 Compressed Oops: Enabled (32-bit)
 Alignments: Space 512K, Generation 512K, Heap 2M
 Heap Min Capacity: 100M
 Heap Initial Capacity: 100M
 Heap Max Capacity: 2G
 Pre-touch: Disabled
 Parallel Workers: 13
Heap:
 PSYoungGen      total 17408K, used 11351K [0x00000000d5580000, 0x00000000d6780000, 0x0000000100000000)
  eden space 16384K, 64% used [0x00000000d5580000,0x00000000d5fe6648,0x00000000d6580000)
  from space 1024K, 68% used [0x00000000d6580000,0x00000000d662f728,0x00000000d6680000)
  to   space 1024K, 0% used [0x00000000d6680000,0x00000000d6680000,0x00000000d6780000)
 ParOldGen       total 144896K, used 144453K [0x0000000080000000, 0x0000000088d80000, 0x00000000d5580000)
  object space 144896K, 99% used [0x0000000080000000,0x0000000088d11630,0x0000000088d80000)
 Metaspace       used 53931K, committed 55424K, reserved 1114112K
  class space    used 5569K, committed 6208K, reserved 1048576K
GC Heap History (20 events):
Event: 8.918 GC heap after
{Heap after GC invocations=208 (full 2):
 PSYoungGen      total 11776K, used 608K [0x00000000d5580000, 0x00000000d6200000, 0x0000000100000000)
  eden space 10752K, 0% used [0x00000000d5580000,0x00000000d5580000,0x00000000d6000000)
  from space 1024K, 59% used [0x00000000d6100000,0x00000000d6198000,0x00000000d6200000)
  to   space 1024K, 0% used [0x00000000d6000000,0x00000000d6000000,0x00000000d6100000)
 ParOldGen       total 140288K, used 140211K [0x0000000080000000, 0x0000000088900000, 0x00000000d5580000)
  object space 140288K, 99% used [0x0000000080000000,0x00000000888ecfd0,0x0000000088900000)
 Metaspace       used 53873K, committed 55296K, reserved 1114112K
  class space    used 5569K, committed 6144K, reserved 1048576K
}
Event: 8.924 GC heap before
{Heap before GC invocations=209 (full 2):
 PSYoungGen      total 11776K, used 11360K [0x00000000d5580000, 0x00000000d6200000, 0x0000000100000000)
  eden space 10752K, 100% used [0x00000000d5580000,0x00000000d6000000,0x00000000d6000000)
  from space 1024K, 59% used [0x00000000d6100000,0x00000000d6198000,0x00000000d6200000)
  to   space 1024K, 0% used [0x00000000d6000000,0x00000000d6000000,0x00000000d6100000)
 ParOldGen       total 140288K, used 140211K [0x0000000080000000, 0x0000000088900000, 0x00000000d5580000)
  object space 140288K, 99% used [0x0000000080000000,0x00000000888ecfd0,0x0000000088900000)
 Metaspace       used 53877K, committed 55296K, reserved 1114112K
  class space    used 5569K, committed 6144K, reserved 1048576K
}
Event: 8.925 GC heap after
{Heap after GC invocations=209 (full 2):
 PSYoungGen      total 11776K, used 632K [0x00000000d5580000, 0x00000000d6200000, 0x0000000100000000)
  eden space 10752K, 0% used [0x00000000d5580000,0x00000000d5580000,0x00000000d6000000)
  from space 1024K, 61% used [0x00000000d6000000,0x00000000d609e3c0,0x00000000d6100000)
  to   space 1024K, 0% used [0x00000000d6100000,0x00000000d6100000,0x00000000d6200000)
 ParOldGen       total 140800K, used 140563K [0x0000000080000000, 0x0000000088980000, 0x00000000d5580000)
  object space 140800K, 99% used [0x0000000080000000,0x0000000088944fd0,0x0000000088980000)
 Metaspace       used 53877K, committed 55296K, reserved 1114112K
  class space    used 5569K, committed 6144K, reserved 1048576K
}
Event: 8.932 GC heap before
{Heap before GC invocations=210 (full 2):
 PSYoungGen      total 11776K, used 11384K [0x00000000d5580000, 0x00000000d6200000, 0x0000000100000000)
  eden space 10752K, 100% used [0x00000000d5580000,0x00000000d6000000,0x00000000d6000000)
  from space 1024K, 61% used [0x00000000d6000000,0x00000000d609e3c0,0x00000000d6100000)
  to   space 1024K, 0% used [0x00000000d6100000,0x00000000d6100000,0x00000000d6200000)
 ParOldGen       total 140800K, used 140563K [0x0000000080000000, 0x0000000088980000, 0x00000000d5580000)
  object space 140800K, 99% used [0x0000000080000000,0x0000000088944fd0,0x0000000088980000)
 Metaspace       used 53878K, committed 55296K, reserved 1114112K
  class space    used 5569K, committed 6144K, reserved 1048576K
}
Event: 8.933 GC heap after
{Heap after GC invocations=210 (full 2):
 PSYoungGen      total 11264K, used 416K [0x00000000d5580000, 0x00000000d6180000, 0x0000000100000000)
  eden space 10752K, 0% used [0x00000000d5580000,0x00000000d5580000,0x00000000d6000000)
  from space 512K, 81% used [0x00000000d6100000,0x00000000d6168000,0x00000000d6180000)
  to   space 512K, 0% used [0x00000000d6080000,0x00000000d6080000,0x00000000d6100000)
 ParOldGen       total 141312K, used 140942K [0x0000000080000000, 0x0000000088a00000, 0x00000000d5580000)
  object space 141312K, 99% used [0x0000000080000000,0x00000000889a3910,0x0000000088a00000)
 Metaspace       used 53878K, committed 55296K, reserved 1114112K
  class space    used 5569K, committed 6144K, reserved 1048576K
}
Event: 8.941 GC heap before
{Heap before GC invocations=211 (full 2):
 PSYoungGen      total 11264K, used 11168K [0x00000000d5580000, 0x00000000d6180000, 0x0000000100000000)
  eden space 10752K, 100% used [0x00000000d5580000,0x00000000d6000000,0x00000000d6000000)
  from space 512K, 81% used [0x00000000d6100000,0x00000000d6168000,0x00000000d6180000)
  to   space 512K, 0% used [0x00000000d6080000,0x00000000d6080000,0x00000000d6100000)
 ParOldGen       total 141312K, used 140942K [0x0000000080000000, 0x0000000088a00000, 0x00000000d5580000)
  object space 141312K, 99% used [0x0000000080000000,0x00000000889a3910,0x0000000088a00000)
 Metaspace       used 53878K, committed 55296K, reserved 1114112K
  class space    used 5569K, committed 6144K, reserved 1048576K
}
Event: 8.942 GC heap after
{Heap after GC invocations=211 (full 2):
 PSYoungGen      total 11264K, used 480K [0x00000000d5580000, 0x00000000d6180000, 0x0000000100000000)
  eden space 10752K, 0% used [0x00000000d5580000,0x00000000d5580000,0x00000000d6000000)
  from space 512K, 93% used [0x00000000d6080000,0x00000000d60f8000,0x00000000d6100000)
  to   space 512K, 0% used [0x00000000d6100000,0x00000000d6100000,0x00000000d6180000)
 ParOldGen       total 141312K, used 141070K [0x0000000080000000, 0x0000000088a00000, 0x00000000d5580000)
  object space 141312K, 99% used [0x0000000080000000,0x00000000889c3858,0x0000000088a00000)
 Metaspace       used 53878K, committed 55296K, reserved 1114112K
  class space    used 5569K, committed 6144K, reserved 1048576K
}
Event: 8.950 GC heap before
{Heap before GC invocations=212 (full 2):
 PSYoungGen      total 11264K, used 11231K [0x00000000d5580000, 0x00000000d6180000, 0x0000000100000000)
  eden space 10752K, 99% used [0x00000000d5580000,0x00000000d5fffff0,0x00000000d6000000)
  from space 512K, 93% used [0x00000000d6080000,0x00000000d60f8000,0x00000000d6100000)
  to   space 512K, 0% used [0x00000000d6100000,0x00000000d6100000,0x00000000d6180000)
 ParOldGen       total 141312K, used 141070K [0x0000000080000000, 0x0000000088a00000, 0x00000000d5580000)
  object space 141312K, 99% used [0x0000000080000000,0x00000000889c3858,0x0000000088a00000)
 Metaspace       used 53885K, committed 55296K, reserved 1114112K
  class space    used 5569K, committed 6144K, reserved 1048576K
}
Event: 8.951 GC heap after
{Heap after GC invocations=212 (full 2):
 PSYoungGen      total 11264K, used 507K [0x00000000d5580000, 0x00000000d6200000, 0x0000000100000000)
  eden space 10752K, 0% used [0x00000000d5580000,0x00000000d5580000,0x00000000d6000000)
  from space 512K, 99% used [0x00000000d6100000,0x00000000d617ed08,0x00000000d6180000)
  to   space 1024K, 0% used [0x00000000d6000000,0x00000000d6000000,0x00000000d6100000)
 ParOldGen       total 141312K, used 141229K [0x0000000080000000, 0x0000000088a00000, 0x00000000d5580000)
  object space 141312K, 99% used [0x0000000080000000,0x00000000889eb558,0x0000000088a00000)
 Metaspace       used 53885K, committed 55296K, reserved 1114112K
  class space    used 5569K, committed 6144K, reserved 1048576K
}
Event: 8.955 GC heap before
{Heap before GC invocations=213 (full 2):
 PSYoungGen      total 11264K, used 11259K [0x00000000d5580000, 0x00000000d6200000, 0x0000000100000000)
  eden space 10752K, 100% used [0x00000000d5580000,0x00000000d6000000,0x00000000d6000000)
  from space 512K, 99% used [0x00000000d6100000,0x00000000d617ed08,0x00000000d6180000)
  to   space 1024K, 0% used [0x00000000d6000000,0x00000000d6000000,0x00000000d6100000)
 ParOldGen       total 141312K, used 141229K [0x0000000080000000, 0x0000000088a00000, 0x00000000d5580000)
  object space 141312K, 99% used [0x0000000080000000,0x00000000889eb558,0x0000000088a00000)
 Metaspace       used 53885K, committed 55296K, reserved 1114112K
  class space    used 5569K, committed 6144K, reserved 1048576K
}
Event: 8.956 GC heap after
{Heap after GC invocations=213 (full 2):
 PSYoungGen      total 11776K, used 448K [0x00000000d5580000, 0x00000000d6200000, 0x0000000100000000)
  eden space 10752K, 0% used [0x00000000d5580000,0x00000000d5580000,0x00000000d6000000)
  from space 1024K, 43% used [0x00000000d6000000,0x00000000d6070000,0x00000000d6100000)
  to   space 1024K, 0% used [0x00000000d6100000,0x00000000d6100000,0x00000000d6200000)
 ParOldGen       total 141824K, used 141485K [0x0000000080000000, 0x0000000088a80000, 0x00000000d5580000)
  object space 141824K, 99% used [0x0000000080000000,0x0000000088a2b5d8,0x0000000088a80000)
 Metaspace       used 53885K, committed 55296K, reserved 1114112K
  class space    used 5569K, committed 6144K, reserved 1048576K
}
Event: 8.965 GC heap before
{Heap before GC invocations=214 (full 2):
 PSYoungGen      total 11776K, used 11200K [0x00000000d5580000, 0x00000000d6200000, 0x0000000100000000)
  eden space 10752K, 100% used [0x00000000d5580000,0x00000000d6000000,0x00000000d6000000)
  from space 1024K, 43% used [0x00000000d6000000,0x00000000d6070000,0x00000000d6100000)
  to   space 1024K, 0% used [0x00000000d6100000,0x00000000d6100000,0x00000000d6200000)
 ParOldGen       total 141824K, used 141485K [0x0000000080000000, 0x0000000088a80000, 0x00000000d5580000)
  object space 141824K, 99% used [0x0000000080000000,0x0000000088a2b5d8,0x0000000088a80000)
 Metaspace       used 53886K, committed 55296K, reserved 1114112K
  class space    used 5569K, committed 6144K, reserved 1048576K
}
Event: 8.966 GC heap after
{Heap after GC invocations=214 (full 2):
 PSYoungGen      total 11776K, used 544K [0x00000000d5580000, 0x00000000d6200000, 0x0000000100000000)
  eden space 10752K, 0% used [0x00000000d5580000,0x00000000d5580000,0x00000000d6000000)
  from space 1024K, 53% used [0x00000000d6100000,0x00000000d6188000,0x00000000d6200000)
  to   space 1024K, 0% used [0x00000000d6000000,0x00000000d6000000,0x00000000d6100000)
 ParOldGen       total 141824K, used 141765K [0x0000000080000000, 0x0000000088a80000, 0x00000000d5580000)
  object space 141824K, 99% used [0x0000000080000000,0x0000000088a715d8,0x0000000088a80000)
 Metaspace       used 53886K, committed 55296K, reserved 1114112K
  class space    used 5569K, committed 6144K, reserved 1048576K
}
Event: 8.974 GC heap before
{Heap before GC invocations=215 (full 2):
 PSYoungGen      total 11776K, used 11296K [0x00000000d5580000, 0x00000000d6200000, 0x0000000100000000)
  eden space 10752K, 100% used [0x00000000d5580000,0x00000000d6000000,0x00000000d6000000)
  from space 1024K, 53% used [0x00000000d6100000,0x00000000d6188000,0x00000000d6200000)
  to   space 1024K, 0% used [0x00000000d6000000,0x00000000d6000000,0x00000000d6100000)
 ParOldGen       total 141824K, used 141765K [0x0000000080000000, 0x0000000088a80000, 0x00000000d5580000)
  object space 141824K, 99% used [0x0000000080000000,0x0000000088a715d8,0x0000000088a80000)
 Metaspace       used 53890K, committed 55424K, reserved 1114112K
  class space    used 5569K, committed 6208K, reserved 1048576K
}
Event: 8.975 GC heap after
{Heap after GC invocations=215 (full 2):
 PSYoungGen      total 11776K, used 671K [0x00000000d5580000, 0x00000000d6200000, 0x0000000100000000)
  eden space 10752K, 0% used [0x00000000d5580000,0x00000000d5580000,0x00000000d6000000)
  from space 1024K, 65% used [0x00000000d6000000,0x00000000d60a7e58,0x00000000d6100000)
  to   space 1024K, 0% used [0x00000000d6100000,0x00000000d6100000,0x00000000d6200000)
 ParOldGen       total 142336K, used 142056K [0x0000000080000000, 0x0000000088b00000, 0x00000000d5580000)
  object space 142336K, 99% used [0x0000000080000000,0x0000000088aba0c0,0x0000000088b00000)
 Metaspace       used 53890K, committed 55424K, reserved 1114112K
  class space    used 5569K, committed 6208K, reserved 1048576K
}
Event: 8.980 GC heap before
{Heap before GC invocations=216 (full 2):
 PSYoungGen      total 11776K, used 11423K [0x00000000d5580000, 0x00000000d6200000, 0x0000000100000000)
  eden space 10752K, 100% used [0x00000000d5580000,0x00000000d6000000,0x00000000d6000000)
  from space 1024K, 65% used [0x00000000d6000000,0x00000000d60a7e58,0x00000000d6100000)
  to   space 1024K, 0% used [0x00000000d6100000,0x00000000d6100000,0x00000000d6200000)
 ParOldGen       total 142336K, used 142056K [0x0000000080000000, 0x0000000088b00000, 0x00000000d5580000)
  object space 142336K, 99% used [0x0000000080000000,0x0000000088aba0c0,0x0000000088b00000)
 Metaspace       used 53901K, committed 55424K, reserved 1114112K
  class space    used 5569K, committed 6208K, reserved 1048576K
}
Event: 8.981 GC heap after
{Heap after GC invocations=216 (full 2):
 PSYoungGen      total 11264K, used 384K [0x00000000d5580000, 0x00000000d6180000, 0x0000000100000000)
  eden space 10752K, 0% used [0x00000000d5580000,0x00000000d5580000,0x00000000d6000000)
  from space 512K, 75% used [0x00000000d6100000,0x00000000d6160000,0x00000000d6180000)
  to   space 512K, 0% used [0x00000000d6080000,0x00000000d6080000,0x00000000d6100000)
 ParOldGen       total 142848K, used 142468K [0x0000000080000000, 0x0000000088b80000, 0x00000000d5580000)
  object space 142848K, 99% used [0x0000000080000000,0x0000000088b21288,0x0000000088b80000)
 Metaspace       used 53901K, committed 55424K, reserved 1114112K
  class space    used 5569K, committed 6208K, reserved 1048576K
}
Event: 8.985 GC heap before
{Heap before GC invocations=217 (full 2):
 PSYoungGen      total 11264K, used 11136K [0x00000000d5580000, 0x00000000d6180000, 0x0000000100000000)
  eden space 10752K, 100% used [0x00000000d5580000,0x00000000d6000000,0x00000000d6000000)
  from space 512K, 75% used [0x00000000d6100000,0x00000000d6160000,0x00000000d6180000)
  to   space 512K, 0% used [0x00000000d6080000,0x00000000d6080000,0x00000000d6100000)
 ParOldGen       total 142848K, used 142468K [0x0000000080000000, 0x0000000088b80000, 0x00000000d5580000)
  object space 142848K, 99% used [0x0000000080000000,0x0000000088b21288,0x0000000088b80000)
 Metaspace       used 53925K, committed 55424K, reserved 1114112K
  class space    used 5569K, committed 6208K, reserved 1048576K
}
Event: 8.986 GC heap after
{Heap after GC invocations=217 (full 2):
 PSYoungGen      total 11264K, used 416K [0x00000000d5580000, 0x00000000d6180000, 0x0000000100000000)
  eden space 10752K, 0% used [0x00000000d5580000,0x00000000d5580000,0x00000000d6000000)
  from space 512K, 81% used [0x00000000d6080000,0x00000000d60e8000,0x00000000d6100000)
  to   space 512K, 0% used [0x00000000d6100000,0x00000000d6100000,0x00000000d6180000)
 ParOldGen       total 142848K, used 142676K [0x0000000080000000, 0x0000000088b80000, 0x00000000d5580000)
  object space 142848K, 99% used [0x0000000080000000,0x0000000088b55288,0x0000000088b80000)
 Metaspace       used 53925K, committed 55424K, reserved 1114112K
  class space    used 5569K, committed 6208K, reserved 1048576K
}
Event: 8.990 GC heap before
{Heap before GC invocations=218 (full 2):
 PSYoungGen      total 11264K, used 11168K [0x00000000d5580000, 0x00000000d6180000, 0x0000000100000000)
  eden space 10752K, 100% used [0x00000000d5580000,0x00000000d6000000,0x00000000d6000000)
  from space 512K, 81% used [0x00000000d6080000,0x00000000d60e8000,0x00000000d6100000)
  to   space 512K, 0% used [0x00000000d6100000,0x00000000d6100000,0x00000000d6180000)
 ParOldGen       total 142848K, used 142676K [0x0000000080000000, 0x0000000088b80000, 0x00000000d5580000)
  object space 142848K, 99% used [0x0000000080000000,0x0000000088b55288,0x0000000088b80000)
 Metaspace       used 53925K, committed 55424K, reserved 1114112K
  class space    used 5569K, committed 6208K, reserved 1048576K
}

